-------------------------------------------------------------------------------
Test set: com.example.certificate.infrastructure.persistence.mybatis.DeploymentRepositoryImplTest
-------------------------------------------------------------------------------
Tests run: 1, Failures: 0, Errors: 1, Skipped: 0, Time elapsed: 0.009 s <<< FAILURE! - in com.example.certificate.infrastructure.persistence.mybatis.DeploymentRepositoryImplTest
com.example.certificate.infrastructure.persistence.mybatis.DeploymentRepositoryImplTest  Time elapsed: 0.009 s  <<< ERROR!
java.lang.IllegalStateException: Unable to find a @SpringBootConfiguration, you need to use @ContextConfiguration or @SpringBootTest(classes=...) with your test

