<?xml version="1.0" encoding="UTF-8"?>
<testsuite xmlns:xsi="http://www.w3.org/2001/XMLSchema-instance" xsi:noNamespaceSchemaLocation="https://maven.apache.org/surefire/maven-surefire-plugin/xsd/surefire-test-report.xsd" name="com.certmgr.domain.infrastructure.persistence.mybatis.MyBatisDomainRepositoryTest" time="0.647" tests="2" errors="2" skipped="0" failures="0">
  <properties>
[...]
</properties>
  <testcase name="shouldDeleteDomain" classname="com.certmgr.domain.infrastructure.persistence.mybatis.MyBatisDomainRepositoryTest" time="0.19">
    <error message="Invalid bound statement (not found): com.certmgr.domain.infrastructure.persistence.mybatis.DomainMapper.save" type="org.apache.ibatis.binding.BindingException">org.apache.ibatis.binding.BindingException: Invalid bound statement (not found): com.certmgr.domain.infrastructure.persistence.mybatis.DomainMapper.save
	at com.certmgr.domain.infrastructure.persistence.mybatis.MyBatisDomainRepositoryTest.shouldDeleteDomain(MyBatisDomainRepositoryTest.java:42)
</error>
    <system-out><![CDATA[2025-06-21 23:13:13.853  INFO 10624 --- [           main] o.s.t.c.support.AbstractContextLoader    : Could not detect default resource locations for test class [com.certmgr.domain.infrastructure.persistence.mybatis.MyBatisDomainRepositoryTest]: no resource found for suffixes {-context.xml, Context.groovy}.
2025-06-21 23:13:13.862  INFO 10624 --- [           main] m.s.b.t.a.MybatisTestContextBootstrapper : Loaded default TestExecutionListener class names from location [META-INF/spring.factories]: [org.springframework.boot.test.mock.mockito.MockitoTestExecutionListener, org.springframework.boot.test.mock.mockito.ResetMocksTestExecutionListener, org.springframework.boot.test.autoconfigure.restdocs.RestDocsTestExecutionListener, org.springframework.boot.test.autoconfigure.web.client.MockRestServiceServerResetTestExecutionListener, org.springframework.boot.test.autoconfigure.web.servlet.MockMvcPrintOnlyOnFailureTestExecutionListener, org.springframework.boot.test.autoconfigure.web.servlet.WebDriverTestExecutionListener, org.springframework.boot.test.autoconfigure.webservices.client.MockWebServiceServerTestExecutionListener, org.springframework.test.context.web.ServletTestExecutionListener, org.springframework.test.context.support.DirtiesContextBeforeModesTestExecutionListener, org.springframework.test.context.event.ApplicationEventsTestExecutionListener, org.springframework.test.context.support.DependencyInjectionTestExecutionListener, org.springframework.test.context.support.DirtiesContextTestExecutionListener, org.springframework.test.context.transaction.TransactionalTestExecutionListener, org.springframework.test.context.jdbc.SqlScriptsTestExecutionListener, org.springframework.test.context.event.EventPublishingTestExecutionListener]
2025-06-21 23:13:13.862  INFO 10624 --- [           main] m.s.b.t.a.MybatisTestContextBootstrapper : Using TestExecutionListeners: [org.springframework.test.context.web.ServletTestExecutionListener@34cf5a97, org.springframework.test.context.support.DirtiesContextBeforeModesTestExecutionListener@5b3f3ba0, org.springframework.test.context.event.ApplicationEventsTestExecutionListener@ddf20fd, org.springframework.boot.test.mock.mockito.MockitoTestExecutionListener@278f8425, org.springframework.boot.test.autoconfigure.SpringBootDependencyInjectionTestExecutionListener@695a69a1, org.springframework.test.context.support.DirtiesContextTestExecutionListener@4b1abd11, org.springframework.test.context.transaction.TransactionalTestExecutionListener@3f36b447, org.springframework.test.context.jdbc.SqlScriptsTestExecutionListener@6443b128, org.springframework.test.context.event.EventPublishingTestExecutionListener@5eeedb60, org.springframework.boot.test.mock.mockito.ResetMocksTestExecutionListener@40021799, org.springframework.boot.test.autoconfigure.restdocs.RestDocsTestExecutionListener@4a1c0752, org.springframework.boot.test.autoconfigure.web.client.MockRestServiceServerResetTestExecutionListener@332f25c8, org.springframework.boot.test.autoconfigure.web.servlet.MockMvcPrintOnlyOnFailureTestExecutionListener@1b32cd16, org.springframework.boot.test.autoconfigure.web.servlet.WebDriverTestExecutionListener@4bdcaf36, org.springframework.boot.test.autoconfigure.webservices.client.MockWebServiceServerTestExecutionListener@61d01788]

  .   ____          _            __ _ _
 /\\ / ___'_ __ _ _(_)_ __  __ _ \ \ \ \
( ( )\___ | '_ | '_| | '_ \/ _` | \ \ \ \
 \\/  ___)| |_)| | | | | || (_| |  ) ) ) )
  '  |____| .__|_| |_|_| |_\__, | / / / /
 =========|_|==============|___/=/_/_/_/
 :: Spring Boot ::               (v2.7.18)

2025-06-21 23:13:13.882  INFO 10624 --- [           main] c.c.d.i.p.m.MyBatisDomainRepositoryTest  : Starting MyBatisDomainRepositoryTest using Java 1.8.0_202 on zyy with PID 10624 (started by zyy71 in C:\Users\zyy71\Downloads\AI_autoCode\ROOCODE\Roo-Code-3.21.2\docs)
2025-06-21 23:13:13.882  INFO 10624 --- [           main] c.c.d.i.p.m.MyBatisDomainRepositoryTest  : No active profile set, falling back to 1 default profile: "default"
2025-06-21 23:13:14.065  INFO 10624 --- [           main] com.zaxxer.hikari.HikariDataSource       : HikariPool-1 - Starting...
2025-06-21 23:13:14.229  INFO 10624 --- [           main] com.zaxxer.hikari.HikariDataSource       : HikariPool-1 - Start completed.
2025-06-21 23:13:14.314  INFO 10624 --- [           main] c.c.d.i.p.m.MyBatisDomainRepositoryTest  : Started MyBatisDomainRepositoryTest in 0.449 seconds (JVM running for 1.814)
2025-06-21 23:13:14.329  INFO 10624 --- [           main] o.s.t.c.transaction.TransactionContext   : Began transaction (1) for test context [DefaultTestContext@3901f6af testClass = MyBatisDomainRepositoryTest, testInstance = com.certmgr.domain.infrastructure.persistence.mybatis.MyBatisDomainRepositoryTest@602ae7b6, testMethod = shouldDeleteDomain@MyBatisDomainRepositoryTest, testException = [null], mergedContextConfiguration = [MergedContextConfiguration@10cd6753 testClass = MyBatisDomainRepositoryTest, locations = '{}', classes = '{class com.certmgr.CertificateManagementApplication}', contextInitializerClasses = '[]', activeProfiles = '{}', propertySourceLocations = '{classpath:application-test.properties}', propertySourceProperties = '{org.mybatis.spring.boot.test.autoconfigure.MybatisTestContextBootstrapper=true}', contextCustomizers = set[[ImportsContextCustomizer@71ad3d8a key = [org.springframework.boot.autoconfigure.transaction.TransactionAutoConfiguration, org.springframework.boot.autoconfigure.jdbc.DataSourceAutoConfiguration, org.springframework.boot.autoconfigure.cache.CacheAutoConfiguration, org.springframework.boot.autoconfigure.sql.init.SqlInitializationAutoConfiguration, org.springframework.boot.autoconfigure.jdbc.JdbcTemplateAutoConfiguration, org.springframework.boot.test.autoconfigure.jdbc.TestDatabaseAutoConfiguration, org.springframework.boot.autoconfigure.flyway.FlywayAutoConfiguration, org.mybatis.spring.boot.autoconfigure.MybatisLanguageDriverAutoConfiguration, org.springframework.boot.autoconfigure.jdbc.DataSourceTransactionManagerAutoConfiguration, org.springframework.boot.autoconfigure.liquibase.LiquibaseAutoConfiguration, org.mybatis.spring.boot.autoconfigure.MybatisAutoConfiguration]], org.springframework.boot.test.context.filter.ExcludeFilterContextCustomizer@79079097, org.springframework.boot.test.json.DuplicateJsonObjectContextCustomizerFactory$DuplicateJsonObjectContextCustomizer@4e08711f, org.springframework.boot.test.mock.mockito.MockitoContextCustomizer@0, org.springframework.boot.test.autoconfigure.OverrideAutoConfigurationContextCustomizerFactory$DisableAutoConfigurationContextCustomizer@65e98b1c, org.springframework.boot.test.autoconfigure.actuate.metrics.MetricsExportContextCustomizerFactory$DisableMetricExportContextCustomizer@8297b3a, org.springframework.boot.test.autoconfigure.filter.TypeExcludeFiltersContextCustomizer@351584c0, org.springframework.boot.test.autoconfigure.properties.PropertyMappingContextCustomizer@ae0231f1, org.springframework.boot.test.autoconfigure.web.servlet.WebDriverContextCustomizerFactory$Customizer@7dc0f706, org.springframework.boot.test.context.SpringBootTestArgs@1, org.springframework.boot.test.context.SpringBootTestWebEnvironment@0], contextLoader = 'org.springframework.boot.test.context.SpringBootContextLoader', parent = [null]], attributes = map['org.springframework.test.context.event.ApplicationEventsTestExecutionListener.recordApplicationEvents' -> false]]; transaction manager [org.springframework.jdbc.support.JdbcTransactionManager@47af099e]; rollback [true]
2025-06-21 23:13:14.509  INFO 10624 --- [           main] o.s.t.c.transaction.TransactionContext   : Rolled back transaction for test: [DefaultTestContext@3901f6af testClass = MyBatisDomainRepositoryTest, testInstance = com.certmgr.domain.infrastructure.persistence.mybatis.MyBatisDomainRepositoryTest@602ae7b6, testMethod = shouldDeleteDomain@MyBatisDomainRepositoryTest, testException = org.apache.ibatis.binding.BindingException: Invalid bound statement (not found): com.certmgr.domain.infrastructure.persistence.mybatis.DomainMapper.save, mergedContextConfiguration = [MergedContextConfiguration@10cd6753 testClass = MyBatisDomainRepositoryTest, locations = '{}', classes = '{class com.certmgr.CertificateManagementApplication}', contextInitializerClasses = '[]', activeProfiles = '{}', propertySourceLocations = '{classpath:application-test.properties}', propertySourceProperties = '{org.mybatis.spring.boot.test.autoconfigure.MybatisTestContextBootstrapper=true}', contextCustomizers = set[[ImportsContextCustomizer@71ad3d8a key = [org.springframework.boot.autoconfigure.transaction.TransactionAutoConfiguration, org.springframework.boot.autoconfigure.jdbc.DataSourceAutoConfiguration, org.springframework.boot.autoconfigure.cache.CacheAutoConfiguration, org.springframework.boot.autoconfigure.sql.init.SqlInitializationAutoConfiguration, org.springframework.boot.autoconfigure.jdbc.JdbcTemplateAutoConfiguration, org.springframework.boot.test.autoconfigure.jdbc.TestDatabaseAutoConfiguration, org.springframework.boot.autoconfigure.flyway.FlywayAutoConfiguration, org.mybatis.spring.boot.autoconfigure.MybatisLanguageDriverAutoConfiguration, org.springframework.boot.autoconfigure.jdbc.DataSourceTransactionManagerAutoConfiguration, org.springframework.boot.autoconfigure.liquibase.LiquibaseAutoConfiguration, org.mybatis.spring.boot.autoconfigure.MybatisAutoConfiguration]], org.springframework.boot.test.context.filter.ExcludeFilterContextCustomizer@79079097, org.springframework.boot.test.json.DuplicateJsonObjectContextCustomizerFactory$DuplicateJsonObjectContextCustomizer@4e08711f, org.springframework.boot.test.mock.mockito.MockitoContextCustomizer@0, org.springframework.boot.test.autoconfigure.OverrideAutoConfigurationContextCustomizerFactory$DisableAutoConfigurationContextCustomizer@65e98b1c, org.springframework.boot.test.autoconfigure.actuate.metrics.MetricsExportContextCustomizerFactory$DisableMetricExportContextCustomizer@8297b3a, org.springframework.boot.test.autoconfigure.filter.TypeExcludeFiltersContextCustomizer@351584c0, org.springframework.boot.test.autoconfigure.properties.PropertyMappingContextCustomizer@ae0231f1, org.springframework.boot.test.autoconfigure.web.servlet.WebDriverContextCustomizerFactory$Customizer@7dc0f706, org.springframework.boot.test.context.SpringBootTestArgs@1, org.springframework.boot.test.context.SpringBootTestWebEnvironment@0], contextLoader = 'org.springframework.boot.test.context.SpringBootContextLoader', parent = [null]], attributes = map['org.springframework.test.context.event.ApplicationEventsTestExecutionListener.recordApplicationEvents' -> false]]
]]></system-out>
  </testcase>
  <testcase name="shouldSaveAndFindDomain" classname="com.certmgr.domain.infrastructure.persistence.mybatis.MyBatisDomainRepositoryTest" time="0.005">
    <error message="Invalid bound statement (not found): com.certmgr.domain.infrastructure.persistence.mybatis.DomainMapper.save" type="org.apache.ibatis.binding.BindingException">org.apache.ibatis.binding.BindingException: Invalid bound statement (not found): com.certmgr.domain.infrastructure.persistence.mybatis.DomainMapper.save
	at com.certmgr.domain.infrastructure.persistence.mybatis.MyBatisDomainRepositoryTest.shouldSaveAndFindDomain(MyBatisDomainRepositoryTest.java:31)
</error>
    <system-out><![CDATA[2025-06-21 23:13:14.512  INFO 10624 --- [           main] o.s.t.c.transaction.TransactionContext   : Began transaction (1) for test context [DefaultTestContext@3901f6af testClass = MyBatisDomainRepositoryTest, testInstance = com.certmgr.domain.infrastructure.persistence.mybatis.MyBatisDomainRepositoryTest@2a4f5433, testMethod = shouldSaveAndFindDomain@MyBatisDomainRepositoryTest, testException = [null], mergedContextConfiguration = [MergedContextConfiguration@10cd6753 testClass = MyBatisDomainRepositoryTest, locations = '{}', classes = '{class com.certmgr.CertificateManagementApplication}', contextInitializerClasses = '[]', activeProfiles = '{}', propertySourceLocations = '{classpath:application-test.properties}', propertySourceProperties = '{org.mybatis.spring.boot.test.autoconfigure.MybatisTestContextBootstrapper=true}', contextCustomizers = set[[ImportsContextCustomizer@71ad3d8a key = [org.springframework.boot.autoconfigure.transaction.TransactionAutoConfiguration, org.springframework.boot.autoconfigure.jdbc.DataSourceAutoConfiguration, org.springframework.boot.autoconfigure.cache.CacheAutoConfiguration, org.springframework.boot.autoconfigure.sql.init.SqlInitializationAutoConfiguration, org.springframework.boot.autoconfigure.jdbc.JdbcTemplateAutoConfiguration, org.springframework.boot.test.autoconfigure.jdbc.TestDatabaseAutoConfiguration, org.springframework.boot.autoconfigure.flyway.FlywayAutoConfiguration, org.mybatis.spring.boot.autoconfigure.MybatisLanguageDriverAutoConfiguration, org.springframework.boot.autoconfigure.jdbc.DataSourceTransactionManagerAutoConfiguration, org.springframework.boot.autoconfigure.liquibase.LiquibaseAutoConfiguration, org.mybatis.spring.boot.autoconfigure.MybatisAutoConfiguration]], org.springframework.boot.test.context.filter.ExcludeFilterContextCustomizer@79079097, org.springframework.boot.test.json.DuplicateJsonObjectContextCustomizerFactory$DuplicateJsonObjectContextCustomizer@4e08711f, org.springframework.boot.test.mock.mockito.MockitoContextCustomizer@0, org.springframework.boot.test.autoconfigure.OverrideAutoConfigurationContextCustomizerFactory$DisableAutoConfigurationContextCustomizer@65e98b1c, org.springframework.boot.test.autoconfigure.actuate.metrics.MetricsExportContextCustomizerFactory$DisableMetricExportContextCustomizer@8297b3a, org.springframework.boot.test.autoconfigure.filter.TypeExcludeFiltersContextCustomizer@351584c0, org.springframework.boot.test.autoconfigure.properties.PropertyMappingContextCustomizer@ae0231f1, org.springframework.boot.test.autoconfigure.web.servlet.WebDriverContextCustomizerFactory$Customizer@7dc0f706, org.springframework.boot.test.context.SpringBootTestArgs@1, org.springframework.boot.test.context.SpringBootTestWebEnvironment@0], contextLoader = 'org.springframework.boot.test.context.SpringBootContextLoader', parent = [null]], attributes = map['org.springframework.test.context.event.ApplicationEventsTestExecutionListener.recordApplicationEvents' -> false]]; transaction manager [org.springframework.jdbc.support.JdbcTransactionManager@47af099e]; rollback [true]
2025-06-21 23:13:14.514  INFO 10624 --- [           main] o.s.t.c.transaction.TransactionContext   : Rolled back transaction for test: [DefaultTestContext@3901f6af testClass = MyBatisDomainRepositoryTest, testInstance = com.certmgr.domain.infrastructure.persistence.mybatis.MyBatisDomainRepositoryTest@2a4f5433, testMethod = shouldSaveAndFindDomain@MyBatisDomainRepositoryTest, testException = org.apache.ibatis.binding.BindingException: Invalid bound statement (not found): com.certmgr.domain.infrastructure.persistence.mybatis.DomainMapper.save, mergedContextConfiguration = [MergedContextConfiguration@10cd6753 testClass = MyBatisDomainRepositoryTest, locations = '{}', classes = '{class com.certmgr.CertificateManagementApplication}', contextInitializerClasses = '[]', activeProfiles = '{}', propertySourceLocations = '{classpath:application-test.properties}', propertySourceProperties = '{org.mybatis.spring.boot.test.autoconfigure.MybatisTestContextBootstrapper=true}', contextCustomizers = set[[ImportsContextCustomizer@71ad3d8a key = [org.springframework.boot.autoconfigure.transaction.TransactionAutoConfiguration, org.springframework.boot.autoconfigure.jdbc.DataSourceAutoConfiguration, org.springframework.boot.autoconfigure.cache.CacheAutoConfiguration, org.springframework.boot.autoconfigure.sql.init.SqlInitializationAutoConfiguration, org.springframework.boot.autoconfigure.jdbc.JdbcTemplateAutoConfiguration, org.springframework.boot.test.autoconfigure.jdbc.TestDatabaseAutoConfiguration, org.springframework.boot.autoconfigure.flyway.FlywayAutoConfiguration, org.mybatis.spring.boot.autoconfigure.MybatisLanguageDriverAutoConfiguration, org.springframework.boot.autoconfigure.jdbc.DataSourceTransactionManagerAutoConfiguration, org.springframework.boot.autoconfigure.liquibase.LiquibaseAutoConfiguration, org.mybatis.spring.boot.autoconfigure.MybatisAutoConfiguration]], org.springframework.boot.test.context.filter.ExcludeFilterContextCustomizer@79079097, org.springframework.boot.test.json.DuplicateJsonObjectContextCustomizerFactory$DuplicateJsonObjectContextCustomizer@4e08711f, org.springframework.boot.test.mock.mockito.MockitoContextCustomizer@0, org.springframework.boot.test.autoconfigure.OverrideAutoConfigurationContextCustomizerFactory$DisableAutoConfigurationContextCustomizer@65e98b1c, org.springframework.boot.test.autoconfigure.actuate.metrics.MetricsExportContextCustomizerFactory$DisableMetricExportContextCustomizer@8297b3a, org.springframework.boot.test.autoconfigure.filter.TypeExcludeFiltersContextCustomizer@351584c0, org.springframework.boot.test.autoconfigure.properties.PropertyMappingContextCustomizer@ae0231f1, org.springframework.boot.test.autoconfigure.web.servlet.WebDriverContextCustomizerFactory$Customizer@7dc0f706, org.springframework.boot.test.context.SpringBootTestArgs@1, org.springframework.boot.test.context.SpringBootTestWebEnvironment@0], contextLoader = 'org.springframework.boot.test.context.SpringBootContextLoader', parent = [null]], attributes = map['org.springframework.test.context.event.ApplicationEventsTestExecutionListener.recordApplicationEvents' -> false]]
]]></system-out>
  </testcase>
</testsuite>